<?xml version="1.0" encoding="UTF-8"?>
<testsuite xmlns:xsi="http://www.w3.org/2001/XMLSchema-instance" xsi:noNamespaceSchemaLocation="https://maven.apache.org/surefire/maven-surefire-plugin/xsd/surefire-test-report-3.0.xsd" version="3.0" name="ValidadorContraseñaTest" time="0.036" tests="5" errors="0" skipped="0" failures="0">
  <properties>
[...]
</properties>
  <testcase name="testContraseñaComún" classname="ValidadorContraseñaTest" time="0.003"/>
  <testcase name="testContraseñaVacia" classname="ValidadorContraseñaTest" time="0.0"/>
  <testcase name="testContraseñaSegura" classname="ValidadorContraseñaTest" time="0.004">
    <system-err><![CDATA[Error al leer el archivo de contraseñas comunes: null
]]></system-err>
  </testcase>
  <testcase name="testContraseñaSinCaracterEspecial" classname="ValidadorContraseñaTest" time="0.0"/>
  <testcase name="testContraseñaLongitudInsuficiente" classname="ValidadorContraseñaTest" time="0.0"/>
</testsuite>